<?xml version="1.0" encoding="UTF-8"?>
<!-- Generated by org.testng.reporters.JUnitReportReporter -->
<testsuite hostname="DESKTOP-6VBFHVH" failures="0" tests="3" name="com.TestNG.DataDriven" time="8.070" errors="0" timestamp="2021-03-25T20:25:30 BDT" skipped="0">
  <testcase classname="com.TestNG.DataDriven" name="doSearch" time="1.253"/>
  <system-out/>
  <testcase classname="com.TestNG.DataDriven" name="doSearch" time="5.247"/>
  <system-out/>
  <testcase classname="com.TestNG.DataDriven" name="doSearch" time="1.570"/>
  <system-out/>
</testsuite> <!-- com.TestNG.DataDriven -->
