<?xml version="1.0" encoding="UTF-8"?>
<!-- Generated by org.testng.reporters.JUnitReportReporter -->
<testsuite hostname="DESKTOP-6VBFHVH" failures="0" tests="3" name="com.TestNG.TestNgDemo2" time="0.007" errors="0" timestamp="2021-03-23T20:16:57 BDT" skipped="0">
  <testcase classname="com.TestNG.TestNgDemo2" name="demo5" time="0.003"/>
  <system-out/>
  <testcase classname="com.TestNG.TestNgDemo2" name="demo6" time="0.003"/>
  <system-out/>
  <testcase classname="com.TestNG.TestNgDemo2" name="Demo4" time="0.001"/>
  <system-out/>
</testsuite> <!-- com.TestNG.TestNgDemo2 -->
