<?xml version="1.0" encoding="UTF-8"?>
<!-- Generated by org.testng.reporters.JUnitReportReporter -->
<testsuite hostname="DESKTOP-6VBFHVH" failures="0" tests="2" name="com.Screenshots.PageScreenshot" time="2.476" errors="0" timestamp="2021-03-24T21:25:22 BDT" skipped="0">
  <testcase classname="com.Screenshots.PageScreenshot" name="generateScreenshot2" time="0.487"/>
  <system-out/>
  <testcase classname="com.Screenshots.PageScreenshot" name="generateScreenshot" time="1.989"/>
  <system-out/>
</testsuite> <!-- com.Screenshots.PageScreenshot -->
