<?xml version="1.0" encoding="UTF-8"?>
<!-- Generated by org.testng.reporters.JUnitReportReporter -->
<testsuite hostname="DESKTOP-6VBFHVH" failures="0" tests="1" name="com.Screenshots.PageScreenshot" time="0.444" errors="0" timestamp="2021-03-23T23:37:29 BDT" skipped="0">
  <testcase classname="com.Screenshots.PageScreenshot" name="generateScreenshot" time="0.444"/>
  <system-out/>
</testsuite> <!-- com.Screenshots.PageScreenshot -->
