<?xml version="1.0" encoding="UTF-8"?>
<!-- Generated by org.testng.reporters.JUnitReportReporter -->
<testsuite hostname="DESKTOP-6VBFHVH" failures="0" tests="2" name="com.TestNG.RegistrationTestNG" time="61.866" errors="0" timestamp="2021-03-23T20:47:06 BDT" skipped="0">
  <testcase classname="com.TestNG.RegistrationTestNG" name="valid_Registration" time="31.251"/>
  <system-out/>
  <testcase classname="com.TestNG.RegistrationTestNG" name="inValid_Registration" time="30.615"/>
  <system-out/>
</testsuite> <!-- com.TestNG.RegistrationTestNG -->
