<?xml version="1.0" encoding="UTF-8"?>
<!-- Generated by org.testng.reporters.JUnitReportReporter -->
<testsuite hostname="DESKTOP-6VBFHVH" failures="0" tests="1" name="com.PDF.CreatePDF" time="2.632" errors="0" timestamp="2021-03-24T23:37:57 BDT" skipped="0">
  <testcase classname="com.PDF.CreatePDF" name="CustomPDF" time="2.632"/>
  <system-out/>
</testsuite> <!-- com.PDF.CreatePDF -->
