<?xml version="1.0" encoding="UTF-8"?>
<!-- Generated by org.testng.reporters.JUnitReportReporter -->
<testsuite hostname="DESKTOP-6VBFHVH" failures="0" tests="4" name="com.TestNG.LoginDataDriven" time="36.213" errors="0" timestamp="2021-03-25T20:48:34 BDT" skipped="0">
  <testcase classname="com.TestNG.LoginDataDriven" name="LoginTest" time="8.888"/>
  <system-out/>
  <testcase classname="com.TestNG.LoginDataDriven" name="LoginTest" time="8.880"/>
  <system-out/>
  <testcase classname="com.TestNG.LoginDataDriven" name="LoginTest" time="8.841"/>
  <system-out/>
  <testcase classname="com.TestNG.LoginDataDriven" name="LoginTest" time="9.604"/>
  <system-out/>
</testsuite> <!-- com.TestNG.LoginDataDriven -->
