<?xml version="1.0" encoding="UTF-8"?>
<!-- Generated by org.testng.reporters.JUnitReportReporter -->
<testsuite hostname="DESKTOP-6VBFHVH" failures="0" tests="1" name="com.TestNG.AnnotationTest" time="0.006" errors="0" timestamp="2021-03-23T20:04:12 BDT" skipped="0">
  <testcase classname="com.TestNG.AnnotationTest" name="test" time="0.006"/>
  <system-out/>
</testsuite> <!-- com.TestNG.AnnotationTest -->
