<?xml version="1.0" encoding="UTF-8"?>
<!-- Generated by org.testng.reporters.JUnitReportReporter -->
<testsuite hostname="DESKTOP-6VBFHVH" failures="0" tests="3" name="com.TestNG.TestNgDemo" time="0.013" errors="0" timestamp="2021-03-23T20:16:57 BDT" skipped="0">
  <testcase classname="com.TestNG.TestNgDemo" name="demo1" time="0.001"/>
  <system-out/>
  <testcase classname="com.TestNG.TestNgDemo" name="demo3" time="0.002"/>
  <system-out/>
  <testcase classname="com.TestNG.TestNgDemo" name="Demo2" time="0.010"/>
  <system-out/>
</testsuite> <!-- com.TestNG.TestNgDemo -->
